<?xml version="1.0" encoding="UTF-8"?>
<testsuite xmlns:xsi="http://www.w3.org/2001/XMLSchema-instance" xsi:noNamespaceSchemaLocation="https://maven.apache.org/surefire/maven-surefire-plugin/xsd/surefire-test-report-3.0.xsd" version="3.0" name="org.apache.spark.streaming.JavaDurationSuite" time="0.054" tests="11" errors="0" skipped="0" failures="0">
  <properties>
[...]
</properties>
  <testcase name="testGreaterEq" classname="org.apache.spark.streaming.JavaDurationSuite" time="0.002"/>
  <testcase name="testDiv" classname="org.apache.spark.streaming.JavaDurationSuite" time="0"/>
  <testcase name="testMinus" classname="org.apache.spark.streaming.JavaDurationSuite" time="0"/>
  <testcase name="testTimes" classname="org.apache.spark.streaming.JavaDurationSuite" time="0"/>
  <testcase name="testLess" classname="org.apache.spark.streaming.JavaDurationSuite" time="0"/>
  <testcase name="testPlus" classname="org.apache.spark.streaming.JavaDurationSuite" time="0"/>
  <testcase name="testGreater" classname="org.apache.spark.streaming.JavaDurationSuite" time="0"/>
  <testcase name="testMinutes" classname="org.apache.spark.streaming.JavaDurationSuite" time="0.001"/>
  <testcase name="testMilliseconds" classname="org.apache.spark.streaming.JavaDurationSuite" time="0.001"/>
  <testcase name="testLessEq" classname="org.apache.spark.streaming.JavaDurationSuite" time="0"/>
  <testcase name="testSeconds" classname="org.apache.spark.streaming.JavaDurationSuite" time="0"/>
</testsuite>